生成启动时间为 2018/8/29 10:29:40。
     1>项目“D:\个人\金和模拟传感器\ParseNetData\NetDataParse\NetDataParse\NetDataParse.vcxproj”在节点 2 上(build 个目标)。
     1>PrepareForBuild:
         正在创建目录“D:\个人\金和模拟传感器\ParseNetData\NetDataParse\Release\”。
       InitializeBuildStatus:
         正在创建“Release\NetDataParse.unsuccessfulbuild”，因为已指定“AlwaysCreate”。
       ClCompile:
         d:\VS2010\setup\VC\bin\CL.exe /c /Zi /nologo /W3 /WX- /O2 /Oi /Oy- /GL /D WIN32 /D _WINDOWS /D NDEBUG /D _UNICODE /D UNICODE /D _AFXDLL /Gm- /EHsc /MD /GS /Gy /fp:precise /Zc:wchar_t /Zc:forScope /Yc"StdAfx.h" /Fp"Release\NetDataParse.pch" /Fo"Release\\" /Fd"Release\vc100.pdb" /Gd /TP /analyze- /errorReport:prompt stdafx.cpp
         stdafx.cpp
         d:\VS2010\setup\VC\bin\CL.exe /c /Zi /nologo /W3 /WX- /O2 /Oi /Oy- /GL /D WIN32 /D _WINDOWS /D NDEBUG /D _UNICODE /D UNICODE /D _AFXDLL /Gm- /EHsc /MD /GS /Gy /fp:precise /Zc:wchar_t /Zc:forScope /Yu"StdAfx.h" /Fp"Release\NetDataParse.pch" /Fo"Release\\" /Fd"Release\vc100.pdb" /Gd /TP /analyze- /errorReport:prompt NetDataParse.cpp NetDataParseDlg.cpp
         NetDataParse.cpp
         NetDataParseDlg.cpp
     1>NetDataParseDlg.cpp(246): warning C4244: “参数”: 从“DWORD”转换到“u_short”，可能丢失数据
       ResourceCompile:
         C:\Program Files (x86)\Microsoft SDKs\Windows\v7.0A\bin\rc.exe /D NDEBUG /D _UNICODE /D UNICODE /D _AFXDLL /l"0x0804" /IRelease\ /nologo /fo"Release\NetDataParse.res" NetDataParse.rc 
       Link:
         d:\VS2010\setup\VC\bin\link.exe /ERRORREPORT:PROMPT /OUT:"D:\个人\金和模拟传感器\ParseNetData\NetDataParse\Release\NetDataParse.exe" /INCREMENTAL:NO /NOLOGO /MANIFEST /ManifestFile:"Release\NetDataParse.exe.intermediate.manifest" /MANIFESTUAC:"level='asInvoker' uiAccess='false'" /DEBUG /PDB:"D:\个人\金和模拟传感器\ParseNetData\NetDataParse\Release\NetDataParse.pdb" /SUBSYSTEM:WINDOWS /OPT:REF /OPT:ICF /LTCG /TLBID:1 /ENTRY:"wWinMainCRTStartup" /DYNAMICBASE /NXCOMPAT /IMPLIB:"D:\个人\金和模拟传感器\ParseNetData\NetDataParse\Release\NetDataParse.lib" /MACHINE:X86 Release\NetDataParse.res
         Release\NetDataParse.obj
         Release\NetDataParseDlg.obj
         Release\stdafx.obj
         正在生成代码
         已完成代码的生成
         NetDataParse.vcxproj -> D:\个人\金和模拟传感器\ParseNetData\NetDataParse\Release\NetDataParse.exe
       Manifest:
         C:\Program Files (x86)\Microsoft SDKs\Windows\v7.0A\bin\mt.exe /nologo /verbose /outputresource:"D:\个人\金和模拟传感器\ParseNetData\NetDataParse\Release\NetDataParse.exe;#1" /manifest Release\NetDataParse.exe.intermediate.manifest d:\VS2010\setup\VC\Include\Manifest\dpiaware.manifest
       FinalizeBuildStatus:
         正在删除文件“Release\NetDataParse.unsuccessfulbuild”。
         正在对“Release\NetDataParse.lastbuildstate”执行 Touch 任务。
     1>已完成生成项目“D:\个人\金和模拟传感器\ParseNetData\NetDataParse\NetDataParse\NetDataParse.vcxproj”(build 个目标)的操作。

生成成功。

已用时间 00:00:04.91
