D:\个人\金和模拟传感器\PARSENETDATA\NETDATAPARSE\DEBUG\NETDATAPARSE.EXE
D:\个人\金和模拟传感器\PARSENETDATA\NETDATAPARSE\DEBUG\NETDATAPARSE.ILK
D:\个人\金和模拟传感器\PARSENETDATA\NETDATAPARSE\DEBUG\NETDATAPARSE.PDB
D:\个人\金和模拟传感器\ParseNetData\NetDataParse\NetDataParse\Debug\cl.command.1.tlog
D:\个人\金和模拟传感器\ParseNetData\NetDataParse\NetDataParse\Debug\CL.read.1.tlog
D:\个人\金和模拟传感器\ParseNetData\NetDataParse\NetDataParse\Debug\CL.write.1.tlog
D:\个人\金和模拟传感器\PARSENETDATA\NETDATAPARSE\NETDATAPARSE\DEBUG\CRC.OBJ
D:\个人\金和模拟传感器\PARSENETDATA\NETDATAPARSE\NETDATAPARSE\DEBUG\DATASENDER.OBJ
D:\个人\金和模拟传感器\ParseNetData\NetDataParse\NetDataParse\Debug\link.10160.read.1.tlog
D:\个人\金和模拟传感器\ParseNetData\NetDataParse\NetDataParse\Debug\link.10160.write.1.tlog
D:\个人\金和模拟传感器\ParseNetData\NetDataParse\NetDataParse\Debug\link.10160-cvtres.read.1.tlog
D:\个人\金和模拟传感器\ParseNetData\NetDataParse\NetDataParse\Debug\link.10160-cvtres.write.1.tlog
D:\个人\金和模拟传感器\ParseNetData\NetDataParse\NetDataParse\Debug\link.11280.read.1.tlog
D:\个人\金和模拟传感器\ParseNetData\NetDataParse\NetDataParse\Debug\link.11280.write.1.tlog
D:\个人\金和模拟传感器\ParseNetData\NetDataParse\NetDataParse\Debug\link.11280-cvtres.read.1.tlog
D:\个人\金和模拟传感器\ParseNetData\NetDataParse\NetDataParse\Debug\link.11280-cvtres.write.1.tlog
D:\个人\金和模拟传感器\ParseNetData\NetDataParse\NetDataParse\Debug\link.11836.read.1.tlog
D:\个人\金和模拟传感器\ParseNetData\NetDataParse\NetDataParse\Debug\link.11836.write.1.tlog
D:\个人\金和模拟传感器\ParseNetData\NetDataParse\NetDataParse\Debug\link.11836-cvtres.read.1.tlog
D:\个人\金和模拟传感器\ParseNetData\NetDataParse\NetDataParse\Debug\link.11836-cvtres.write.1.tlog
D:\个人\金和模拟传感器\ParseNetData\NetDataParse\NetDataParse\Debug\link.12264.read.1.tlog
D:\个人\金和模拟传感器\ParseNetData\NetDataParse\NetDataParse\Debug\link.12264.write.1.tlog
D:\个人\金和模拟传感器\ParseNetData\NetDataParse\NetDataParse\Debug\link.12264-cvtres.read.1.tlog
D:\个人\金和模拟传感器\ParseNetData\NetDataParse\NetDataParse\Debug\link.12264-cvtres.write.1.tlog
D:\个人\金和模拟传感器\ParseNetData\NetDataParse\NetDataParse\Debug\link.1432.read.1.tlog
D:\个人\金和模拟传感器\ParseNetData\NetDataParse\NetDataParse\Debug\link.1432.write.1.tlog
D:\个人\金和模拟传感器\ParseNetData\NetDataParse\NetDataParse\Debug\link.1432-cvtres.read.1.tlog
D:\个人\金和模拟传感器\ParseNetData\NetDataParse\NetDataParse\Debug\link.1432-cvtres.write.1.tlog
D:\个人\金和模拟传感器\ParseNetData\NetDataParse\NetDataParse\Debug\link.1456.read.1.tlog
D:\个人\金和模拟传感器\ParseNetData\NetDataParse\NetDataParse\Debug\link.1456.write.1.tlog
D:\个人\金和模拟传感器\ParseNetData\NetDataParse\NetDataParse\Debug\link.1456-cvtres.read.1.tlog
D:\个人\金和模拟传感器\ParseNetData\NetDataParse\NetDataParse\Debug\link.1456-cvtres.write.1.tlog
D:\个人\金和模拟传感器\ParseNetData\NetDataParse\NetDataParse\Debug\link.312.read.1.tlog
D:\个人\金和模拟传感器\ParseNetData\NetDataParse\NetDataParse\Debug\link.312.write.1.tlog
D:\个人\金和模拟传感器\ParseNetData\NetDataParse\NetDataParse\Debug\link.312-cvtres.read.1.tlog
D:\个人\金和模拟传感器\ParseNetData\NetDataParse\NetDataParse\Debug\link.312-cvtres.write.1.tlog
D:\个人\金和模拟传感器\ParseNetData\NetDataParse\NetDataParse\Debug\link.5136.read.1.tlog
D:\个人\金和模拟传感器\ParseNetData\NetDataParse\NetDataParse\Debug\link.5136.write.1.tlog
D:\个人\金和模拟传感器\ParseNetData\NetDataParse\NetDataParse\Debug\link.5136-cvtres.read.1.tlog
D:\个人\金和模拟传感器\ParseNetData\NetDataParse\NetDataParse\Debug\link.5136-cvtres.write.1.tlog
D:\个人\金和模拟传感器\ParseNetData\NetDataParse\NetDataParse\Debug\link.6688.read.1.tlog
D:\个人\金和模拟传感器\ParseNetData\NetDataParse\NetDataParse\Debug\link.6688.write.1.tlog
D:\个人\金和模拟传感器\ParseNetData\NetDataParse\NetDataParse\Debug\link.6688-cvtres.read.1.tlog
D:\个人\金和模拟传感器\ParseNetData\NetDataParse\NetDataParse\Debug\link.6688-cvtres.write.1.tlog
D:\个人\金和模拟传感器\ParseNetData\NetDataParse\NetDataParse\Debug\link.7020.read.1.tlog
D:\个人\金和模拟传感器\ParseNetData\NetDataParse\NetDataParse\Debug\link.7020.write.1.tlog
D:\个人\金和模拟传感器\ParseNetData\NetDataParse\NetDataParse\Debug\link.7020-cvtres.read.1.tlog
D:\个人\金和模拟传感器\ParseNetData\NetDataParse\NetDataParse\Debug\link.7020-cvtres.write.1.tlog
D:\个人\金和模拟传感器\ParseNetData\NetDataParse\NetDataParse\Debug\link.7424.read.1.tlog
D:\个人\金和模拟传感器\ParseNetData\NetDataParse\NetDataParse\Debug\link.7424.write.1.tlog
D:\个人\金和模拟传感器\ParseNetData\NetDataParse\NetDataParse\Debug\link.7424-cvtres.read.1.tlog
D:\个人\金和模拟传感器\ParseNetData\NetDataParse\NetDataParse\Debug\link.7424-cvtres.write.1.tlog
D:\个人\金和模拟传感器\ParseNetData\NetDataParse\NetDataParse\Debug\link.7576.read.1.tlog
D:\个人\金和模拟传感器\ParseNetData\NetDataParse\NetDataParse\Debug\link.7576.write.1.tlog
D:\个人\金和模拟传感器\ParseNetData\NetDataParse\NetDataParse\Debug\link.7576-cvtres.read.1.tlog
D:\个人\金和模拟传感器\ParseNetData\NetDataParse\NetDataParse\Debug\link.7576-cvtres.write.1.tlog
D:\个人\金和模拟传感器\ParseNetData\NetDataParse\NetDataParse\Debug\link.7684.read.1.tlog
D:\个人\金和模拟传感器\ParseNetData\NetDataParse\NetDataParse\Debug\link.7684.write.1.tlog
D:\个人\金和模拟传感器\ParseNetData\NetDataParse\NetDataParse\Debug\link.7684-cvtres.read.1.tlog
D:\个人\金和模拟传感器\ParseNetData\NetDataParse\NetDataParse\Debug\link.7684-cvtres.write.1.tlog
D:\个人\金和模拟传感器\ParseNetData\NetDataParse\NetDataParse\Debug\link.7700.read.1.tlog
D:\个人\金和模拟传感器\ParseNetData\NetDataParse\NetDataParse\Debug\link.7700.write.1.tlog
D:\个人\金和模拟传感器\ParseNetData\NetDataParse\NetDataParse\Debug\link.7700-cvtres.read.1.tlog
D:\个人\金和模拟传感器\ParseNetData\NetDataParse\NetDataParse\Debug\link.7700-cvtres.write.1.tlog
D:\个人\金和模拟传感器\ParseNetData\NetDataParse\NetDataParse\Debug\link.8340.read.1.tlog
D:\个人\金和模拟传感器\ParseNetData\NetDataParse\NetDataParse\Debug\link.8340.write.1.tlog
D:\个人\金和模拟传感器\ParseNetData\NetDataParse\NetDataParse\Debug\link.8340-cvtres.read.1.tlog
D:\个人\金和模拟传感器\ParseNetData\NetDataParse\NetDataParse\Debug\link.8340-cvtres.write.1.tlog
D:\个人\金和模拟传感器\ParseNetData\NetDataParse\NetDataParse\Debug\link.8368.read.1.tlog
D:\个人\金和模拟传感器\ParseNetData\NetDataParse\NetDataParse\Debug\link.8368.write.1.tlog
D:\个人\金和模拟传感器\ParseNetData\NetDataParse\NetDataParse\Debug\link.8368-cvtres.read.1.tlog
D:\个人\金和模拟传感器\ParseNetData\NetDataParse\NetDataParse\Debug\link.8368-cvtres.write.1.tlog
D:\个人\金和模拟传感器\ParseNetData\NetDataParse\NetDataParse\Debug\link.8448.read.1.tlog
D:\个人\金和模拟传感器\ParseNetData\NetDataParse\NetDataParse\Debug\link.8448.write.1.tlog
D:\个人\金和模拟传感器\ParseNetData\NetDataParse\NetDataParse\Debug\link.8448-cvtres.read.1.tlog
D:\个人\金和模拟传感器\ParseNetData\NetDataParse\NetDataParse\Debug\link.8448-cvtres.write.1.tlog
D:\个人\金和模拟传感器\ParseNetData\NetDataParse\NetDataParse\Debug\link.8568.read.1.tlog
D:\个人\金和模拟传感器\ParseNetData\NetDataParse\NetDataParse\Debug\link.8568.write.1.tlog
D:\个人\金和模拟传感器\ParseNetData\NetDataParse\NetDataParse\Debug\link.8568-cvtres.read.1.tlog
D:\个人\金和模拟传感器\ParseNetData\NetDataParse\NetDataParse\Debug\link.8568-cvtres.write.1.tlog
D:\个人\金和模拟传感器\ParseNetData\NetDataParse\NetDataParse\Debug\link.9064.read.1.tlog
D:\个人\金和模拟传感器\ParseNetData\NetDataParse\NetDataParse\Debug\link.9064.write.1.tlog
D:\个人\金和模拟传感器\ParseNetData\NetDataParse\NetDataParse\Debug\link.9064-cvtres.read.1.tlog
D:\个人\金和模拟传感器\ParseNetData\NetDataParse\NetDataParse\Debug\link.9064-cvtres.write.1.tlog
D:\个人\金和模拟传感器\ParseNetData\NetDataParse\NetDataParse\Debug\link.9456.read.1.tlog
D:\个人\金和模拟传感器\ParseNetData\NetDataParse\NetDataParse\Debug\link.9456.write.1.tlog
D:\个人\金和模拟传感器\ParseNetData\NetDataParse\NetDataParse\Debug\link.9456-cvtres.read.1.tlog
D:\个人\金和模拟传感器\ParseNetData\NetDataParse\NetDataParse\Debug\link.9456-cvtres.write.1.tlog
D:\个人\金和模拟传感器\ParseNetData\NetDataParse\NetDataParse\Debug\link.9736.read.1.tlog
D:\个人\金和模拟传感器\ParseNetData\NetDataParse\NetDataParse\Debug\link.9736.write.1.tlog
D:\个人\金和模拟传感器\ParseNetData\NetDataParse\NetDataParse\Debug\link.9736-cvtres.read.1.tlog
D:\个人\金和模拟传感器\ParseNetData\NetDataParse\NetDataParse\Debug\link.9736-cvtres.write.1.tlog
D:\个人\金和模拟传感器\ParseNetData\NetDataParse\NetDataParse\Debug\link.command.1.tlog
D:\个人\金和模拟传感器\ParseNetData\NetDataParse\NetDataParse\Debug\link.read.1.tlog
D:\个人\金和模拟传感器\ParseNetData\NetDataParse\NetDataParse\Debug\link.write.1.tlog
D:\个人\金和模拟传感器\ParseNetData\NetDataParse\NetDataParse\Debug\link-cvtres.read.1.tlog
D:\个人\金和模拟传感器\ParseNetData\NetDataParse\NetDataParse\Debug\link-cvtres.write.1.tlog
D:\个人\金和模拟传感器\ParseNetData\NetDataParse\NetDataParse\Debug\mt.command.1.tlog
D:\个人\金和模拟传感器\ParseNetData\NetDataParse\NetDataParse\Debug\mt.read.1.tlog
D:\个人\金和模拟传感器\ParseNetData\NetDataParse\NetDataParse\Debug\mt.write.1.tlog
D:\个人\金和模拟传感器\PARSENETDATA\NETDATAPARSE\NETDATAPARSE\DEBUG\NETDATAPARSE.EXE.EMBED.MANIFEST
D:\个人\金和模拟传感器\PARSENETDATA\NETDATAPARSE\NETDATAPARSE\DEBUG\NETDATAPARSE.EXE.EMBED.MANIFEST.RES
D:\个人\金和模拟传感器\PARSENETDATA\NETDATAPARSE\NETDATAPARSE\DEBUG\NETDATAPARSE.EXE.INTERMEDIATE.MANIFEST
D:\个人\金和模拟传感器\PARSENETDATA\NETDATAPARSE\NETDATAPARSE\DEBUG\NETDATAPARSE.OBJ
D:\个人\金和模拟传感器\PARSENETDATA\NETDATAPARSE\NETDATAPARSE\DEBUG\NETDATAPARSE.PCH
D:\个人\金和模拟传感器\PARSENETDATA\NETDATAPARSE\NETDATAPARSE\DEBUG\NETDATAPARSE.RES
D:\个人\金和模拟传感器\ParseNetData\NetDataParse\NetDataParse\Debug\NetDataParse.vcxprojResolveAssemblyReference.cache
D:\个人\金和模拟传感器\ParseNetData\NetDataParse\NetDataParse\Debug\NetDataParse.write.1.tlog
D:\个人\金和模拟传感器\ParseNetData\NetDataParse\NetDataParse\Debug\NetDataParse_manifest.rc
D:\个人\金和模拟传感器\PARSENETDATA\NETDATAPARSE\NETDATAPARSE\DEBUG\NETDATAPARSEDLG.OBJ
D:\个人\金和模拟传感器\ParseNetData\NetDataParse\NetDataParse\Debug\rc.command.1.tlog
D:\个人\金和模拟传感器\ParseNetData\NetDataParse\NetDataParse\Debug\rc.read.1.tlog
D:\个人\金和模拟传感器\ParseNetData\NetDataParse\NetDataParse\Debug\rc.write.1.tlog
D:\个人\金和模拟传感器\PARSENETDATA\NETDATAPARSE\NETDATAPARSE\DEBUG\STDAFX.OBJ
D:\个人\金和模拟传感器\ParseNetData\NetDataParse\NetDataParse\Debug\vc100.idb
D:\个人\金和模拟传感器\PARSENETDATA\NETDATAPARSE\NETDATAPARSE\DEBUG\VC100.PDB
